<?xml version="1.0" encoding="UTF-8"?>
<testsuites>
  <testsuite name="" tests="70" assertions="271" errors="0" warnings="0" failures="0" skipped="0" time="9.115165">
    <testsuite name="Swift CSV Unit Tests" tests="70" assertions="271" errors="0" warnings="0" failures="0" skipped="0" time="9.115165">
      <testsuite name="SimpleTest" file="/Users/fe_miyazawa/Local Sites/4510m/app/public/wp-content/plugins/swift-csv/tests/Unit/SimpleTest.php" tests="7" assertions="59" errors="0" warnings="0" failures="0" skipped="0" time="4.624030">
        <testcase name="test_includes_files_syntax" class="SimpleTest" classname="SimpleTest" file="/Users/fe_miyazawa/Local Sites/4510m/app/public/wp-content/plugins/swift-csv/tests/Unit/SimpleTest.php" line="83" assertions="42" time="4.510846"/>
        <testcase name="test_plugin_header_info" class="SimpleTest" classname="SimpleTest" file="/Users/fe_miyazawa/Local Sites/4510m/app/public/wp-content/plugins/swift-csv/tests/Unit/SimpleTest.php" line="35" assertions="3" time="0.000806"/>
        <testcase name="test_plugin_directory_structure" class="SimpleTest" classname="SimpleTest" file="/Users/fe_miyazawa/Local Sites/4510m/app/public/wp-content/plugins/swift-csv/tests/Unit/SimpleTest.php" line="51" assertions="3" time="0.000433"/>
        <testcase name="test_plugin_main_file_exists" class="SimpleTest" classname="SimpleTest" file="/Users/fe_miyazawa/Local Sites/4510m/app/public/wp-content/plugins/swift-csv/tests/Unit/SimpleTest.php" line="23" assertions="2" time="0.000097"/>
        <testcase name="test_phpunit_xml_exists" class="SimpleTest" classname="SimpleTest" file="/Users/fe_miyazawa/Local Sites/4510m/app/public/wp-content/plugins/swift-csv/tests/Unit/SimpleTest.php" line="120" assertions="2" time="0.000752"/>
        <testcase name="test_plugin_file_syntax" class="SimpleTest" classname="SimpleTest" file="/Users/fe_miyazawa/Local Sites/4510m/app/public/wp-content/plugins/swift-csv/tests/Unit/SimpleTest.php" line="65" assertions="2" time="0.109884"/>
        <testcase name="test_composer_json_structure" class="SimpleTest" classname="SimpleTest" file="/Users/fe_miyazawa/Local Sites/4510m/app/public/wp-content/plugins/swift-csv/tests/Unit/SimpleTest.php" line="103" assertions="5" time="0.001211"/>
      </testsuite>
      <testsuite name="CSVParserTest" file="/Users/fe_miyazawa/Local Sites/4510m/app/public/wp-content/plugins/swift-csv/tests/Unit/CSVParserTest.php" tests="12" assertions="29" errors="0" warnings="0" failures="0" skipped="0" time="0.002189">
        <testcase name="test_parse_csv_content_to_lines" class="CSVParserTest" classname="CSVParserTest" file="/Users/fe_miyazawa/Local Sites/4510m/app/public/wp-content/plugins/swift-csv/tests/Unit/CSVParserTest.php" line="114" assertions="4" time="0.000596"/>
        <testcase name="test_csv_with_multiline_content" class="CSVParserTest" classname="CSVParserTest" file="/Users/fe_miyazawa/Local Sites/4510m/app/public/wp-content/plugins/swift-csv/tests/Unit/CSVParserTest.php" line="183" assertions="5" time="0.000156"/>
        <testcase name="test_parse_csv_row_semicolon_delimiter" class="CSVParserTest" classname="CSVParserTest" file="/Users/fe_miyazawa/Local Sites/4510m/app/public/wp-content/plugins/swift-csv/tests/Unit/CSVParserTest.php" line="70" assertions="1" time="0.000112"/>
        <testcase name="test_extract_csv_headers" class="CSVParserTest" classname="CSVParserTest" file="/Users/fe_miyazawa/Local Sites/4510m/app/public/wp-content/plugins/swift-csv/tests/Unit/CSVParserTest.php" line="131" assertions="2" time="0.000141"/>
        <testcase name="test_parse_csv_row_basic" class="CSVParserTest" classname="CSVParserTest" file="/Users/fe_miyazawa/Local Sites/4510m/app/public/wp-content/plugins/swift-csv/tests/Unit/CSVParserTest.php" line="23" assertions="2" time="0.000107"/>
        <testcase name="test_parse_csv_row_tab_delimiter" class="CSVParserTest" classname="CSVParserTest" file="/Users/fe_miyazawa/Local Sites/4510m/app/public/wp-content/plugins/swift-csv/tests/Unit/CSVParserTest.php" line="85" assertions="1" time="0.000093"/>
        <testcase name="test_parse_csv_row_with_escaped_quotes" class="CSVParserTest" classname="CSVParserTest" file="/Users/fe_miyazawa/Local Sites/4510m/app/public/wp-content/plugins/swift-csv/tests/Unit/CSVParserTest.php" line="55" assertions="1" time="0.000091"/>
        <testcase name="test_parse_csv_row_with_quotes" class="CSVParserTest" classname="CSVParserTest" file="/Users/fe_miyazawa/Local Sites/4510m/app/public/wp-content/plugins/swift-csv/tests/Unit/CSVParserTest.php" line="39" assertions="2" time="0.000094"/>
        <testcase name="test_csv_with_special_characters" class="CSVParserTest" classname="CSVParserTest" file="/Users/fe_miyazawa/Local Sites/4510m/app/public/wp-content/plugins/swift-csv/tests/Unit/CSVParserTest.php" line="168" assertions="1" time="0.000091"/>
        <testcase name="test_csv_with_empty_fields" class="CSVParserTest" classname="CSVParserTest" file="/Users/fe_miyazawa/Local Sites/4510m/app/public/wp-content/plugins/swift-csv/tests/Unit/CSVParserTest.php" line="204" assertions="2" time="0.000094"/>
        <testcase name="test_extract_csv_data_rows" class="CSVParserTest" classname="CSVParserTest" file="/Users/fe_miyazawa/Local Sites/4510m/app/public/wp-content/plugins/swift-csv/tests/Unit/CSVParserTest.php" line="146" assertions="3" time="0.000100"/>
        <testcase name="test_is_empty_csv_line" class="CSVParserTest" classname="CSVParserTest" file="/Users/fe_miyazawa/Local Sites/4510m/app/public/wp-content/plugins/swift-csv/tests/Unit/CSVParserTest.php" line="100" assertions="5" time="0.000514"/>
      </testsuite>
      <testsuite name="BasicSanitizationTest" file="/Users/fe_miyazawa/Local Sites/4510m/app/public/wp-content/plugins/swift-csv/tests/Unit/BasicSanitizationTest.php" tests="11" assertions="44" errors="0" warnings="0" failures="0" skipped="0" time="0.006538">
        <testcase name="test_basic_text_cleaning" class="BasicSanitizationTest" classname="BasicSanitizationTest" file="/Users/fe_miyazawa/Local Sites/4510m/app/public/wp-content/plugins/swift-csv/tests/Unit/BasicSanitizationTest.php" line="23" assertions="1" time="0.000128"/>
        <testcase name="test_numeric_value_validation" class="BasicSanitizationTest" classname="BasicSanitizationTest" file="/Users/fe_miyazawa/Local Sites/4510m/app/public/wp-content/plugins/swift-csv/tests/Unit/BasicSanitizationTest.php" line="67" assertions="5" time="0.000123"/>
        <testcase name="test_html_tag_removal" class="BasicSanitizationTest" classname="BasicSanitizationTest" file="/Users/fe_miyazawa/Local Sites/4510m/app/public/wp-content/plugins/swift-csv/tests/Unit/BasicSanitizationTest.php" line="36" assertions="3" time="0.001427"/>
        <testcase name="test_url_validation" class="BasicSanitizationTest" classname="BasicSanitizationTest" file="/Users/fe_miyazawa/Local Sites/4510m/app/public/wp-content/plugins/swift-csv/tests/Unit/BasicSanitizationTest.php" line="115" assertions="5" time="0.000211"/>
        <testcase name="test_array_sanitization" class="BasicSanitizationTest" classname="BasicSanitizationTest" file="/Users/fe_miyazawa/Local Sites/4510m/app/public/wp-content/plugins/swift-csv/tests/Unit/BasicSanitizationTest.php" line="155" assertions="4" time="0.000568"/>
        <testcase name="test_email_validation" class="BasicSanitizationTest" classname="BasicSanitizationTest" file="/Users/fe_miyazawa/Local Sites/4510m/app/public/wp-content/plugins/swift-csv/tests/Unit/BasicSanitizationTest.php" line="86" assertions="7" time="0.002169"/>
        <testcase name="test_slug_generation" class="BasicSanitizationTest" classname="BasicSanitizationTest" file="/Users/fe_miyazawa/Local Sites/4510m/app/public/wp-content/plugins/swift-csv/tests/Unit/BasicSanitizationTest.php" line="142" assertions="1" time="0.000204"/>
        <testcase name="test_length_validation" class="BasicSanitizationTest" classname="BasicSanitizationTest" file="/Users/fe_miyazawa/Local Sites/4510m/app/public/wp-content/plugins/swift-csv/tests/Unit/BasicSanitizationTest.php" line="227" assertions="4" time="0.001349"/>
        <testcase name="test_special_character_handling" class="BasicSanitizationTest" classname="BasicSanitizationTest" file="/Users/fe_miyazawa/Local Sites/4510m/app/public/wp-content/plugins/swift-csv/tests/Unit/BasicSanitizationTest.php" line="51" assertions="4" time="0.000146"/>
        <testcase name="test_csv_field_sanitization" class="BasicSanitizationTest" classname="BasicSanitizationTest" file="/Users/fe_miyazawa/Local Sites/4510m/app/public/wp-content/plugins/swift-csv/tests/Unit/BasicSanitizationTest.php" line="200" assertions="6" time="0.000116"/>
        <testcase name="test_empty_value_handling" class="BasicSanitizationTest" classname="BasicSanitizationTest" file="/Users/fe_miyazawa/Local Sites/4510m/app/public/wp-content/plugins/swift-csv/tests/Unit/BasicSanitizationTest.php" line="180" assertions="4" time="0.000097"/>
      </testsuite>
      <testsuite name="StandaloneTest" file="/Users/fe_miyazawa/Local Sites/4510m/app/public/wp-content/plugins/swift-csv/tests/Unit/StandaloneTest.php" tests="9" assertions="65" errors="0" warnings="0" failures="0" skipped="0" time="4.476009">
        <testcase name="test_readme_structure" class="StandaloneTest" classname="StandaloneTest" file="/Users/fe_miyazawa/Local Sites/4510m/app/public/wp-content/plugins/swift-csv/tests/Unit/StandaloneTest.php" line="146" assertions="2" time="0.000151"/>
        <testcase name="test_required_files_exist" class="StandaloneTest" classname="StandaloneTest" file="/Users/fe_miyazawa/Local Sites/4510m/app/public/wp-content/plugins/swift-csv/tests/Unit/StandaloneTest.php" line="124" assertions="5" time="0.000096"/>
        <testcase name="test_plugin_header_info" class="StandaloneTest" classname="StandaloneTest" file="/Users/fe_miyazawa/Local Sites/4510m/app/public/wp-content/plugins/swift-csv/tests/Unit/StandaloneTest.php" line="108" assertions="3" time="0.000123"/>
        <testcase name="test_plugin_main_file_exists" class="StandaloneTest" classname="StandaloneTest" file="/Users/fe_miyazawa/Local Sites/4510m/app/public/wp-content/plugins/swift-csv/tests/Unit/StandaloneTest.php" line="23" assertions="2" time="0.000084"/>
        <testcase name="test_composer_json_structure" class="StandaloneTest" classname="StandaloneTest" file="/Users/fe_miyazawa/Local Sites/4510m/app/public/wp-content/plugins/swift-csv/tests/Unit/StandaloneTest.php" line="77" assertions="5" time="0.000156"/>
        <testcase name="test_plugin_directory_structure" class="StandaloneTest" classname="StandaloneTest" file="/Users/fe_miyazawa/Local Sites/4510m/app/public/wp-content/plugins/swift-csv/tests/Unit/StandaloneTest.php" line="35" assertions="3" time="0.000099"/>
        <testcase name="test_includes_files_syntax" class="StandaloneTest" classname="StandaloneTest" file="/Users/fe_miyazawa/Local Sites/4510m/app/public/wp-content/plugins/swift-csv/tests/Unit/StandaloneTest.php" line="62" assertions="42" time="4.332857"/>
        <testcase name="test_plugin_file_syntax" class="StandaloneTest" classname="StandaloneTest" file="/Users/fe_miyazawa/Local Sites/4510m/app/public/wp-content/plugins/swift-csv/tests/Unit/StandaloneTest.php" line="49" assertions="1" time="0.142199"/>
        <testcase name="test_phpunit_xml_exists" class="StandaloneTest" classname="StandaloneTest" file="/Users/fe_miyazawa/Local Sites/4510m/app/public/wp-content/plugins/swift-csv/tests/Unit/StandaloneTest.php" line="94" assertions="2" time="0.000244"/>
      </testsuite>
      <testsuite name="JapaneseTextTest" file="/Users/fe_miyazawa/Local Sites/4510m/app/public/wp-content/plugins/swift-csv/tests/Unit/JapaneseTextTest.php" tests="14" assertions="36" errors="0" warnings="0" failures="0" skipped="0" time="0.001176">
        <testcase name="test_csv_parsing_with_japanese_characters" class="JapaneseTextTest" classname="JapaneseTextTest" file="/Users/fe_miyazawa/Local Sites/4510m/app/public/wp-content/plugins/swift-csv/tests/Unit/JapaneseTextTest.php" line="23" assertions="2" time="0.000090"/>
        <testcase name="test_japanese_email_validation" class="JapaneseTextTest" classname="JapaneseTextTest" file="/Users/fe_miyazawa/Local Sites/4510m/app/public/wp-content/plugins/swift-csv/tests/Unit/JapaneseTextTest.php" line="129" assertions="5" time="0.000102"/>
        <testcase name="test_csv_parsing_with_mixed_languages" class="JapaneseTextTest" classname="JapaneseTextTest" file="/Users/fe_miyazawa/Local Sites/4510m/app/public/wp-content/plugins/swift-csv/tests/Unit/JapaneseTextTest.php" line="69" assertions="1" time="0.000074"/>
        <testcase name="test_japanese_url_validation" class="JapaneseTextTest" classname="JapaneseTextTest" file="/Users/fe_miyazawa/Local Sites/4510m/app/public/wp-content/plugins/swift-csv/tests/Unit/JapaneseTextTest.php" line="156" assertions="2" time="0.000074"/>
        <testcase name="test_csv_parsing_with_japanese_quotes" class="JapaneseTextTest" classname="JapaneseTextTest" file="/Users/fe_miyazawa/Local Sites/4510m/app/public/wp-content/plugins/swift-csv/tests/Unit/JapaneseTextTest.php" line="39" assertions="1" time="0.000069"/>
        <testcase name="test_japanese_empty_value_handling" class="JapaneseTextTest" classname="JapaneseTextTest" file="/Users/fe_miyazawa/Local Sites/4510m/app/public/wp-content/plugins/swift-csv/tests/Unit/JapaneseTextTest.php" line="250" assertions="5" time="0.000079"/>
        <testcase name="test_japanese_csv_content_parsing" class="JapaneseTextTest" classname="JapaneseTextTest" file="/Users/fe_miyazawa/Local Sites/4510m/app/public/wp-content/plugins/swift-csv/tests/Unit/JapaneseTextTest.php" line="212" assertions="3" time="0.000074"/>
        <testcase name="test_japanese_text_html_entities" class="JapaneseTextTest" classname="JapaneseTextTest" file="/Users/fe_miyazawa/Local Sites/4510m/app/public/wp-content/plugins/swift-csv/tests/Unit/JapaneseTextTest.php" line="114" assertions="3" time="0.000071"/>
        <testcase name="test_csv_parsing_with_fullwidth_characters" class="JapaneseTextTest" classname="JapaneseTextTest" file="/Users/fe_miyazawa/Local Sites/4510m/app/public/wp-content/plugins/swift-csv/tests/Unit/JapaneseTextTest.php" line="54" assertions="1" time="0.000067"/>
        <testcase name="test_japanese_slug_generation" class="JapaneseTextTest" classname="JapaneseTextTest" file="/Users/fe_miyazawa/Local Sites/4510m/app/public/wp-content/plugins/swift-csv/tests/Unit/JapaneseTextTest.php" line="173" assertions="1" time="0.000107"/>
        <testcase name="test_japanese_array_sanitization" class="JapaneseTextTest" classname="JapaneseTextTest" file="/Users/fe_miyazawa/Local Sites/4510m/app/public/wp-content/plugins/swift-csv/tests/Unit/JapaneseTextTest.php" line="187" assertions="4" time="0.000091"/>
        <testcase name="test_japanese_text_sanitization" class="JapaneseTextTest" classname="JapaneseTextTest" file="/Users/fe_miyazawa/Local Sites/4510m/app/public/wp-content/plugins/swift-csv/tests/Unit/JapaneseTextTest.php" line="99" assertions="3" time="0.000086"/>
        <testcase name="test_csv_parsing_with_japanese_special_chars" class="JapaneseTextTest" classname="JapaneseTextTest" file="/Users/fe_miyazawa/Local Sites/4510m/app/public/wp-content/plugins/swift-csv/tests/Unit/JapaneseTextTest.php" line="84" assertions="1" time="0.000073"/>
        <testcase name="test_japanese_text_length_validation" class="JapaneseTextTest" classname="JapaneseTextTest" file="/Users/fe_miyazawa/Local Sites/4510m/app/public/wp-content/plugins/swift-csv/tests/Unit/JapaneseTextTest.php" line="231" assertions="4" time="0.000117"/>
      </testsuite>
      <testsuite name="BasicTest" file="/Users/fe_miyazawa/Local Sites/4510m/app/public/wp-content/plugins/swift-csv/tests/Unit/BasicTest.php" tests="6" assertions="10" errors="0" warnings="0" failures="0" skipped="0" time="0.001136">
        <testcase name="test_plugin_main_class_exists" class="BasicTest" classname="BasicTest" file="/Users/fe_miyazawa/Local Sites/4510m/app/public/wp-content/plugins/swift-csv/tests/Unit/BasicTest.php" line="35" assertions="1" time="0.000073"/>
        <testcase name="test_plugin_directory_structure" class="BasicTest" classname="BasicTest" file="/Users/fe_miyazawa/Local Sites/4510m/app/public/wp-content/plugins/swift-csv/tests/Unit/BasicTest.php" line="78" assertions="3" time="0.000083"/>
        <testcase name="test_plugin_version_format" class="BasicTest" classname="BasicTest" file="/Users/fe_miyazawa/Local Sites/4510m/app/public/wp-content/plugins/swift-csv/tests/Unit/BasicTest.php" line="67" assertions="1" time="0.000663"/>
        <testcase name="test_helper_functions_exist" class="BasicTest" classname="BasicTest" file="/Users/fe_miyazawa/Local Sites/4510m/app/public/wp-content/plugins/swift-csv/tests/Unit/BasicTest.php" line="57" assertions="1" time="0.000071"/>
        <testcase name="test_plugin_constants_defined" class="BasicTest" classname="BasicTest" file="/Users/fe_miyazawa/Local Sites/4510m/app/public/wp-content/plugins/swift-csv/tests/Unit/BasicTest.php" line="23" assertions="3" time="0.000143"/>
        <testcase name="test_plugin_initialization" class="BasicTest" classname="BasicTest" file="/Users/fe_miyazawa/Local Sites/4510m/app/public/wp-content/plugins/swift-csv/tests/Unit/BasicTest.php" line="46" assertions="1" time="0.000102"/>
      </testsuite>
      <testsuite name="DataSanitizationTest" file="/Users/fe_miyazawa/Local Sites/4510m/app/public/wp-content/plugins/swift-csv/tests/Unit/DataSanitizationTest.php" tests="11" assertions="28" errors="0" warnings="0" failures="0" skipped="0" time="0.004088">
        <testcase name="test_length_validation" class="DataSanitizationTest" classname="DataSanitizationTest" file="/Users/fe_miyazawa/Local Sites/4510m/app/public/wp-content/plugins/swift-csv/tests/Unit/DataSanitizationTest.php" line="213" assertions="2" time="0.000242"/>
        <testcase name="test_empty_value_handling" class="DataSanitizationTest" classname="DataSanitizationTest" file="/Users/fe_miyazawa/Local Sites/4510m/app/public/wp-content/plugins/swift-csv/tests/Unit/DataSanitizationTest.php" line="160" assertions="4" time="0.000099"/>
        <testcase name="test_url_sanitization" class="DataSanitizationTest" classname="DataSanitizationTest" file="/Users/fe_miyazawa/Local Sites/4510m/app/public/wp-content/plugins/swift-csv/tests/Unit/DataSanitizationTest.php" line="100" assertions="2" time="0.001540"/>
        <testcase name="test_array_sanitization" class="DataSanitizationTest" classname="DataSanitizationTest" file="/Users/fe_miyazawa/Local Sites/4510m/app/public/wp-content/plugins/swift-csv/tests/Unit/DataSanitizationTest.php" line="131" assertions="4" time="0.000908"/>
        <testcase name="test_email_sanitization" class="DataSanitizationTest" classname="DataSanitizationTest" file="/Users/fe_miyazawa/Local Sites/4510m/app/public/wp-content/plugins/swift-csv/tests/Unit/DataSanitizationTest.php" line="82" assertions="2" time="0.000444"/>
        <testcase name="test_special_character_handling" class="DataSanitizationTest" classname="DataSanitizationTest" file="/Users/fe_miyazawa/Local Sites/4510m/app/public/wp-content/plugins/swift-csv/tests/Unit/DataSanitizationTest.php" line="51" assertions="1" time="0.000203"/>
        <testcase name="test_slug_generation" class="DataSanitizationTest" classname="DataSanitizationTest" file="/Users/fe_miyazawa/Local Sites/4510m/app/public/wp-content/plugins/swift-csv/tests/Unit/DataSanitizationTest.php" line="118" assertions="1" time="0.000198"/>
        <testcase name="test_numeric_value_sanitization" class="DataSanitizationTest" classname="DataSanitizationTest" file="/Users/fe_miyazawa/Local Sites/4510m/app/public/wp-content/plugins/swift-csv/tests/Unit/DataSanitizationTest.php" line="65" assertions="2" time="0.000078"/>
        <testcase name="test_basic_text_sanitization" class="DataSanitizationTest" classname="DataSanitizationTest" file="/Users/fe_miyazawa/Local Sites/4510m/app/public/wp-content/plugins/swift-csv/tests/Unit/DataSanitizationTest.php" line="23" assertions="1" time="0.000079"/>
        <testcase name="test_csv_field_sanitization" class="DataSanitizationTest" classname="DataSanitizationTest" file="/Users/fe_miyazawa/Local Sites/4510m/app/public/wp-content/plugins/swift-csv/tests/Unit/DataSanitizationTest.php" line="186" assertions="6" time="0.000173"/>
        <testcase name="test_html_tag_removal" class="DataSanitizationTest" classname="DataSanitizationTest" file="/Users/fe_miyazawa/Local Sites/4510m/app/public/wp-content/plugins/swift-csv/tests/Unit/DataSanitizationTest.php" line="36" assertions="3" time="0.000123"/>
      </testsuite>
    </testsuite>
  </testsuite>
</testsuites>
